<?xml version="1.0" encoding="UTF-8" standalone="no"?><testsuite errors="1" failures="0" name="Hacer login correctamente" skipped="0" tests="1" time="15.46" timestamp="2024-06-10 03:01:34"><testcase name="Scenario"><error message="Step [El usuario ingresa el usuario y la contrasena] is defined with 1 parameters at 'co.com.globallogic.certification.ibank.stepdefinitions.LoginSteps.elUsuarioIngresaElUsuarioYLaContrasena(io.cucumber.datatable.DataTable)'.&#10;However, the gherkin step has 0 arguments.&#10;Step text: El usuario ingresa el usuario y la contrasena" type="io.cucumber.core.exception.CucumberException">Step [El usuario ingresa el usuario y la contrasena] is defined with 1 parameters at 'co.com.globallogic.certification.ibank.stepdefinitions.LoginSteps.elUsuarioIngresaElUsuarioYLaContrasena(io.cucumber.datatable.DataTable)'.
However, the gherkin step has 0 arguments.
Step text: El usuario ingresa el usuario y la contrasena</error><system-err>Step [El usuario ingresa el usuario y la contrasena] is defined with 1 parameters at 'co.com.globallogic.certification.ibank.stepdefinitions.LoginSteps.elUsuarioIngresaElUsuarioYLaContrasena(io.cucumber.datatable.DataTable)'.
However, the gherkin step has 0 arguments.
Step text: El usuario ingresa el usuario y la contrasena&#13;
worker.org.gradle.process.internal.worker.GradleWorkerMain.run(GradleWorkerMain.java:69)&#13;
worker.org.gradle.process.internal.worker.GradleWorkerMain.main(GradleWorkerMain.java:74)&#13;
</system-err></testcase></testsuite>