<?xml version="1.0" encoding="UTF-8" standalone="no"?><testsuite errors="1" failures="0" name=": Mover la barra deslizante" skipped="0" tests="1" time="10.47" timestamp="2024-06-11 09:19:29"><testcase name=": Deslizar la barra de 0 a 40"><error message="class java.util.ArrayList cannot be cast to class org.openqa.selenium.WebElement (java.util.ArrayList is in module java.base of loader 'bootstrap'; org.openqa.selenium.WebElement is in unnamed module of loader 'app')" type="java.lang.ClassCastException">class java.util.ArrayList cannot be cast to class org.openqa.selenium.WebElement (java.util.ArrayList is in module java.base of loader 'bootstrap'; org.openqa.selenium.WebElement is in unnamed module of loader 'app')</error><system-err>class java.util.ArrayList cannot be cast to class org.openqa.selenium.WebElement (java.util.ArrayList is in module java.base of loader 'bootstrap'; org.openqa.selenium.WebElement is in unnamed module of loader 'app')&#13;
co.com.globallogic.certification.ibank.interactions.Slider.performAs(Slider.java:33)&#13;
co.com.globallogic.certification.ibank.stepdefinitions.BarraDeslizanteSteps.muevoLaBarraDeslizanteDesdeHasta(BarraDeslizanteSteps.java:17)&#13;
worker.org.gradle.process.internal.worker.GradleWorkerMain.run(GradleWorkerMain.java:69)&#13;
worker.org.gradle.process.internal.worker.GradleWorkerMain.main(GradleWorkerMain.java:74)&#13;
</system-err></testcase></testsuite>